[0.013s] Invoking command in '/home/ansh/udaan_ws/build/my_robot_description': CMAKE_PREFIX_PATH=${CMAKE_PREFIX_PATH}:/home/ansh/ros2_ws/install/my_py_pkg:/opt/ros/humble /usr/bin/cmake /home/ansh/udaan_ws/src/my_robot_description -DCMAKE_INSTALL_PREFIX=/home/ansh/udaan_ws/install/my_robot_description
[0.148s] -- The C compiler identification is GNU 11.4.0
[0.252s] -- The CXX compiler identification is GNU 11.4.0
[0.269s] -- Detecting C compiler ABI info
[0.374s] -- Detecting C compiler ABI info - done
[0.383s] -- Check for working C compiler: /usr/bin/cc - skipped
[0.384s] -- Detecting C compile features
[0.385s] -- Detecting C compile features - done
[0.388s] -- Detecting CXX compiler ABI info
[0.506s] -- Detecting CXX compiler ABI info - done
[0.517s] -- Check for working CXX compiler: /usr/bin/c++ - skipped
[0.517s] -- Detecting CXX compile features
[0.517s] -- Detecting CXX compile features - done
[0.523s] -- Found ament_cmake: 1.3.11 (/opt/ros/humble/share/ament_cmake/cmake)
[0.745s] -- Found Python3: /usr/bin/python3 (found version "3.10.12") found components: Interpreter 
[0.997s] -- Configuring done
[1.002s] -- Generating done
[1.006s] -- Build files have been written to: /home/ansh/udaan_ws/build/my_robot_description
[1.012s] Invoked command in '/home/ansh/udaan_ws/build/my_robot_description' returned '0': CMAKE_PREFIX_PATH=${CMAKE_PREFIX_PATH}:/home/ansh/ros2_ws/install/my_py_pkg:/opt/ros/humble /usr/bin/cmake /home/ansh/udaan_ws/src/my_robot_description -DCMAKE_INSTALL_PREFIX=/home/ansh/udaan_ws/install/my_robot_description
[1.015s] Invoking command in '/home/ansh/udaan_ws/build/my_robot_description': CMAKE_PREFIX_PATH=${CMAKE_PREFIX_PATH}:/home/ansh/ros2_ws/install/my_py_pkg:/opt/ros/humble /usr/bin/cmake --build /home/ansh/udaan_ws/build/my_robot_description -- -j22 -l22
[1.077s] Invoked command in '/home/ansh/udaan_ws/build/my_robot_description' returned '0': CMAKE_PREFIX_PATH=${CMAKE_PREFIX_PATH}:/home/ansh/ros2_ws/install/my_py_pkg:/opt/ros/humble /usr/bin/cmake --build /home/ansh/udaan_ws/build/my_robot_description -- -j22 -l22
[1.094s] Invoking command in '/home/ansh/udaan_ws/build/my_robot_description': CMAKE_PREFIX_PATH=${CMAKE_PREFIX_PATH}:/home/ansh/ros2_ws/install/my_py_pkg:/opt/ros/humble /usr/bin/cmake --install /home/ansh/udaan_ws/build/my_robot_description
[1.106s] -- Install configuration: ""
[1.107s] -- Installing: /home/ansh/udaan_ws/install/my_robot_description/share///urdf
[1.107s] -- Installing: /home/ansh/udaan_ws/install/my_robot_description/share///urdf/drone_design.urdf
[1.107s] -- Installing: /home/ansh/udaan_ws/install/my_robot_description/share/ament_index/resource_index/package_run_dependencies/my_robot_description
[1.107s] -- Installing: /home/ansh/udaan_ws/install/my_robot_description/share/ament_index/resource_index/parent_prefix_path/my_robot_description
[1.107s] -- Installing: /home/ansh/udaan_ws/install/my_robot_description/share/my_robot_description/environment/ament_prefix_path.sh
[1.107s] -- Installing: /home/ansh/udaan_ws/install/my_robot_description/share/my_robot_description/environment/ament_prefix_path.dsv
[1.108s] -- Installing: /home/ansh/udaan_ws/install/my_robot_description/share/my_robot_description/environment/path.sh
[1.108s] -- Installing: /home/ansh/udaan_ws/install/my_robot_description/share/my_robot_description/environment/path.dsv
[1.108s] -- Installing: /home/ansh/udaan_ws/install/my_robot_description/share/my_robot_description/local_setup.bash
[1.108s] -- Installing: /home/ansh/udaan_ws/install/my_robot_description/share/my_robot_description/local_setup.sh
[1.108s] -- Installing: /home/ansh/udaan_ws/install/my_robot_description/share/my_robot_description/local_setup.zsh
[1.109s] -- Installing: /home/ansh/udaan_ws/install/my_robot_description/share/my_robot_description/local_setup.dsv
[1.109s] -- Installing: /home/ansh/udaan_ws/install/my_robot_description/share/my_robot_description/package.dsv
[1.109s] -- Installing: /home/ansh/udaan_ws/install/my_robot_description/share/ament_index/resource_index/packages/my_robot_description
[1.109s] -- Installing: /home/ansh/udaan_ws/install/my_robot_description/share/my_robot_description/cmake/my_robot_descriptionConfig.cmake
[1.109s] -- Installing: /home/ansh/udaan_ws/install/my_robot_description/share/my_robot_description/cmake/my_robot_descriptionConfig-version.cmake
[1.109s] -- Installing: /home/ansh/udaan_ws/install/my_robot_description/share/my_robot_description/package.xml
[1.112s] Invoked command in '/home/ansh/udaan_ws/build/my_robot_description' returned '0': CMAKE_PREFIX_PATH=${CMAKE_PREFIX_PATH}:/home/ansh/ros2_ws/install/my_py_pkg:/opt/ros/humble /usr/bin/cmake --install /home/ansh/udaan_ws/build/my_robot_description
