[0.008s] Invoking command in '/home/ansh/udaan_ws/build/my_robot_description': CMAKE_PREFIX_PATH=${CMAKE_PREFIX_PATH}:/home/ansh/ros2_ws/install/my_py_pkg:/opt/ros/humble /usr/bin/cmake --build /home/ansh/udaan_ws/build/my_robot_description -- -j22 -l22
[0.024s] -- Found ament_cmake: 1.3.11 (/opt/ros/humble/share/ament_cmake/cmake)
[0.147s] -- Configuring done
[0.148s] -- Generating done
[0.149s] -- Build files have been written to: /home/ansh/udaan_ws/build/my_robot_description
[0.165s] Invoked command in '/home/ansh/udaan_ws/build/my_robot_description' returned '0': CMAKE_PREFIX_PATH=${CMAKE_PREFIX_PATH}:/home/ansh/ros2_ws/install/my_py_pkg:/opt/ros/humble /usr/bin/cmake --build /home/ansh/udaan_ws/build/my_robot_description -- -j22 -l22
[0.173s] Invoking command in '/home/ansh/udaan_ws/build/my_robot_description': CMAKE_PREFIX_PATH=${CMAKE_PREFIX_PATH}:/home/ansh/ros2_ws/install/my_py_pkg:/opt/ros/humble /usr/bin/cmake --install /home/ansh/udaan_ws/build/my_robot_description
[0.176s] -- Install configuration: ""
[0.176s] -- Up-to-date: /home/ansh/udaan_ws/install/my_robot_description/share///urdf
[0.176s] -- Up-to-date: /home/ansh/udaan_ws/install/my_robot_description/share///urdf/drone_design.urdf
[0.176s] -- Installing: /home/ansh/udaan_ws/install/my_robot_description/share///launch
[0.176s] -- Installing: /home/ansh/udaan_ws/install/my_robot_description/share///launch/display.launch.xml
[0.176s] -- Up-to-date: /home/ansh/udaan_ws/install/my_robot_description/share/ament_index/resource_index/package_run_dependencies/my_robot_description
[0.176s] -- Up-to-date: /home/ansh/udaan_ws/install/my_robot_description/share/ament_index/resource_index/parent_prefix_path/my_robot_description
[0.176s] -- Up-to-date: /home/ansh/udaan_ws/install/my_robot_description/share/my_robot_description/environment/ament_prefix_path.sh
[0.176s] -- Installing: /home/ansh/udaan_ws/install/my_robot_description/share/my_robot_description/environment/ament_prefix_path.dsv
[0.176s] -- Up-to-date: /home/ansh/udaan_ws/install/my_robot_description/share/my_robot_description/environment/path.sh
[0.176s] -- Installing: /home/ansh/udaan_ws/install/my_robot_description/share/my_robot_description/environment/path.dsv
[0.176s] -- Up-to-date: /home/ansh/udaan_ws/install/my_robot_description/share/my_robot_description/local_setup.bash
[0.176s] -- Up-to-date: /home/ansh/udaan_ws/install/my_robot_description/share/my_robot_description/local_setup.sh
[0.176s] -- Up-to-date: /home/ansh/udaan_ws/install/my_robot_description/share/my_robot_description/local_setup.zsh
[0.176s] -- Installing: /home/ansh/udaan_ws/install/my_robot_description/share/my_robot_description/local_setup.dsv
[0.176s] -- Installing: /home/ansh/udaan_ws/install/my_robot_description/share/my_robot_description/package.dsv
[0.176s] -- Up-to-date: /home/ansh/udaan_ws/install/my_robot_description/share/ament_index/resource_index/packages/my_robot_description
[0.176s] -- Up-to-date: /home/ansh/udaan_ws/install/my_robot_description/share/my_robot_description/cmake/my_robot_descriptionConfig.cmake
[0.177s] -- Up-to-date: /home/ansh/udaan_ws/install/my_robot_description/share/my_robot_description/cmake/my_robot_descriptionConfig-version.cmake
[0.177s] -- Up-to-date: /home/ansh/udaan_ws/install/my_robot_description/share/my_robot_description/package.xml
[0.177s] Invoked command in '/home/ansh/udaan_ws/build/my_robot_description' returned '0': CMAKE_PREFIX_PATH=${CMAKE_PREFIX_PATH}:/home/ansh/ros2_ws/install/my_py_pkg:/opt/ros/humble /usr/bin/cmake --install /home/ansh/udaan_ws/build/my_robot_description
